<?xml version="1.0" encoding="UTF-8"?>
<testsuite xmlns:xsi="http://www.w3.org/2001/XMLSchema-instance" xsi:schemaLocation="https://maven.apache.org/surefire/maven-surefire-plugin/xsd/surefire-test-report.xsd" name="com.splunk.hecclient.HecTest" time="0.011" tests="4" errors="0" skipped="0" failures="0">
  <properties>
[...]
</properties>
  <testcase name="create" classname="com.splunk.hecclient.HecTest" time="0.005"/>
  <testcase name="send" classname="com.splunk.hecclient.HecTest" time="0.002"/>
  <testcase name="close" classname="com.splunk.hecclient.HecTest" time="0.001"/>
  <testcase name="sendEmptyBatch" classname="com.splunk.hecclient.HecTest" time="0"/>
</testsuite>